<?xml version="1.0" encoding="UTF-8"?>
<!-- Generated by org.testng.reporters.JUnitXMLReporter -->
<testsuite hostname="LAPTOP-DST2RPGM" ignored="0" name="Test" tests="3" failures="1" timestamp="29 Sep 2018 04:12:18 GMT" time="42.504" errors="0">
  <testcase name="test1" time="2.436" classname="TestNGtest.Test1"/>
  <testcase name="test1" time="0.352" classname="TestNGtest.TestNG"/>
  <testcase name="test1" time="0.085" classname="TestNGtest.Greens">
    <failure type="java.lang.AssertionError" message="expected [http://localhost:7920/] but found [https://www.snapdeal.com/login]">
      <![CDATA[java.lang.AssertionError: expected [http://localhost:7920/] but found [https://www.snapdeal.com/login]
at TestNGtest.Greens.test1(Greens.java:47)
... Removed 31 stack frames]]>
    </failure>
  </testcase> <!-- test1 -->
</testsuite> <!-- Test -->
