<?xml version="1.0" encoding="UTF-8"?>
<testng-results skipped="0" failed="1" ignored="0" total="3" passed="2">
  <reporter-output>
  </reporter-output>
  <suite name="Suite" duration-ms="42504" started-at="2018-09-29T04:11:36Z" finished-at="2018-09-29T04:12:18Z">
    <groups>
    </groups>
    <test name="Test" duration-ms="42504" started-at="2018-09-29T04:11:36Z" finished-at="2018-09-29T04:12:18Z">
      <class name="TestNGtest.Test1">
        <test-method status="PASS" signature="launch()[pri:0, instance:TestNGtest.Test1@1e965684]" name="launch" is-config="true" duration-ms="18008" started-at="2018-09-29T04:11:36Z" finished-at="2018-09-29T04:11:54Z">
          <reporter-output>
          </reporter-output>
        </test-method> <!-- launch -->
        <test-method status="PASS" signature="beforeMethod()[pri:0, instance:TestNGtest.Test1@1e965684]" name="beforeMethod" is-config="true" duration-ms="4" started-at="2018-09-29T04:11:54Z" finished-at="2018-09-29T04:11:54Z">
          <reporter-output>
          </reporter-output>
        </test-method> <!-- beforeMethod -->
        <test-method status="PASS" signature="test1()[pri:0, instance:TestNGtest.Test1@1e965684]" name="test1" duration-ms="2436" started-at="2018-09-29T04:11:54Z" finished-at="2018-09-29T04:11:56Z">
          <reporter-output>
          </reporter-output>
        </test-method> <!-- test1 -->
        <test-method status="PASS" signature="afterMethod()[pri:0, instance:TestNGtest.Test1@1e965684]" name="afterMethod" is-config="true" duration-ms="5" started-at="2018-09-29T04:11:56Z" finished-at="2018-09-29T04:11:56Z">
          <reporter-output>
          </reporter-output>
        </test-method> <!-- afterMethod -->
        <test-method status="PASS" signature="afterclass()[pri:0, instance:TestNGtest.Test1@1e965684]" name="afterclass" is-config="true" duration-ms="1085" started-at="2018-09-29T04:11:56Z" finished-at="2018-09-29T04:11:57Z">
          <reporter-output>
          </reporter-output>
        </test-method> <!-- afterclass -->
      </class> <!-- TestNGtest.Test1 -->
      <class name="TestNGtest.Greens">
        <test-method status="PASS" signature="beforeclass()[pri:0, instance:TestNGtest.Greens@53f65459]" name="beforeclass" is-config="true" duration-ms="10118" started-at="2018-09-29T04:12:07Z" finished-at="2018-09-29T04:12:18Z">
          <reporter-output>
          </reporter-output>
        </test-method> <!-- beforeclass -->
        <test-method status="FAIL" signature="test1()[pri:0, instance:TestNGtest.Greens@53f65459]" name="test1" duration-ms="85" started-at="2018-09-29T04:12:18Z" finished-at="2018-09-29T04:12:18Z">
          <exception class="java.lang.AssertionError">
            <message>
              <![CDATA[expected [http://localhost:7920/] but found [https://www.snapdeal.com/login]]]>
            </message>
            <full-stacktrace>
              <![CDATA[java.lang.AssertionError: expected [http://localhost:7920/] but found [https://www.snapdeal.com/login]
at org.testng.Assert.fail(Assert.java:96)
at org.testng.Assert.failNotEquals(Assert.java:776)
at org.testng.Assert.assertEqualsImpl(Assert.java:137)
at org.testng.Assert.assertEquals(Assert.java:118)
at org.testng.Assert.assertEquals(Assert.java:453)
at org.testng.Assert.assertEquals(Assert.java:463)
at TestNGtest.Greens.test1(Greens.java:47)
at sun.reflect.NativeMethodAccessorImpl.invoke0(Native Method)
at sun.reflect.NativeMethodAccessorImpl.invoke(Unknown Source)
at sun.reflect.DelegatingMethodAccessorImpl.invoke(Unknown Source)
at java.lang.reflect.Method.invoke(Unknown Source)
at org.testng.internal.MethodInvocationHelper.invokeMethod(MethodInvocationHelper.java:124)
at org.testng.internal.Invoker.invokeMethod(Invoker.java:583)
at org.testng.internal.Invoker.invokeTestMethod(Invoker.java:719)
at org.testng.internal.Invoker.invokeTestMethods(Invoker.java:989)
at org.testng.internal.TestMethodWorker.invokeTestMethods(TestMethodWorker.java:125)
at org.testng.internal.TestMethodWorker.run(TestMethodWorker.java:109)
at org.testng.TestRunner.privateRun(TestRunner.java:648)
at org.testng.TestRunner.run(TestRunner.java:505)
at org.testng.SuiteRunner.runTest(SuiteRunner.java:455)
at org.testng.SuiteRunner.runSequentially(SuiteRunner.java:450)
at org.testng.SuiteRunner.privateRun(SuiteRunner.java:415)
at org.testng.SuiteRunner.run(SuiteRunner.java:364)
at org.testng.SuiteRunnerWorker.runSuite(SuiteRunnerWorker.java:52)
at org.testng.SuiteRunnerWorker.run(SuiteRunnerWorker.java:84)
at org.testng.TestNG.runSuitesSequentially(TestNG.java:1208)
at org.testng.TestNG.runSuitesLocally(TestNG.java:1137)
at org.testng.TestNG.runSuites(TestNG.java:1049)
at org.testng.TestNG.run(TestNG.java:1017)
at org.testng.remote.AbstractRemoteTestNG.run(AbstractRemoteTestNG.java:114)
at org.testng.remote.RemoteTestNG.initAndRun(RemoteTestNG.java:251)
at org.testng.remote.RemoteTestNG.main(RemoteTestNG.java:77)
]]>
            </full-stacktrace>
          </exception> <!-- java.lang.AssertionError -->
          <reporter-output>
          </reporter-output>
        </test-method> <!-- test1 -->
        <test-method status="PASS" signature="beforemethod()[pri:0, instance:TestNGtest.Greens@53f65459]" name="beforemethod" is-config="true" duration-ms="0" started-at="2018-09-29T04:12:18Z" finished-at="2018-09-29T04:12:18Z">
          <reporter-output>
          </reporter-output>
        </test-method> <!-- beforemethod -->
        <test-method status="PASS" signature="aftermethod()[pri:0, instance:TestNGtest.Greens@53f65459]" name="aftermethod" is-config="true" duration-ms="0" started-at="2018-09-29T04:12:18Z" finished-at="2018-09-29T04:12:18Z">
          <reporter-output>
          </reporter-output>
        </test-method> <!-- aftermethod -->
        <test-method status="PASS" signature="afterclass()[pri:0, instance:TestNGtest.Greens@53f65459]" name="afterclass" is-config="true" duration-ms="549" started-at="2018-09-29T04:12:18Z" finished-at="2018-09-29T04:12:18Z">
          <reporter-output>
          </reporter-output>
        </test-method> <!-- afterclass -->
      </class> <!-- TestNGtest.Greens -->
      <class name="TestNGtest.TestNG">
        <test-method status="PASS" signature="launch()[pri:0, instance:TestNGtest.TestNG@4d95d2a2]" name="launch" is-config="true" duration-ms="8526" started-at="2018-09-29T04:11:57Z" finished-at="2018-09-29T04:12:06Z">
          <reporter-output>
          </reporter-output>
        </test-method> <!-- launch -->
        <test-method status="PASS" signature="test1()[pri:0, instance:TestNGtest.TestNG@4d95d2a2]" name="test1" duration-ms="352" started-at="2018-09-29T04:12:06Z" finished-at="2018-09-29T04:12:06Z">
          <reporter-output>
          </reporter-output>
        </test-method> <!-- test1 -->
        <test-method status="PASS" signature="beforeMethod()[pri:0, instance:TestNGtest.TestNG@4d95d2a2]" name="beforeMethod" is-config="true" duration-ms="0" started-at="2018-09-29T04:12:06Z" finished-at="2018-09-29T04:12:06Z">
          <reporter-output>
          </reporter-output>
        </test-method> <!-- beforeMethod -->
        <test-method status="PASS" signature="afterMethod()[pri:0, instance:TestNGtest.TestNG@4d95d2a2]" name="afterMethod" is-config="true" duration-ms="1" started-at="2018-09-29T04:12:06Z" finished-at="2018-09-29T04:12:06Z">
          <reporter-output>
          </reporter-output>
        </test-method> <!-- afterMethod -->
        <test-method status="PASS" signature="afterClass()[pri:0, instance:TestNGtest.TestNG@4d95d2a2]" name="afterClass" is-config="true" duration-ms="1214" started-at="2018-09-29T04:12:06Z" finished-at="2018-09-29T04:12:07Z">
          <reporter-output>
          </reporter-output>
        </test-method> <!-- afterClass -->
      </class> <!-- TestNGtest.TestNG -->
    </test> <!-- Test -->
  </suite> <!-- Suite -->
</testng-results>
